<?xml version="1.0" encoding="UTF-8"?>
<!-- Generated by org.testng.reporters.JUnitXMLReporter -->
<testsuite hostname="Admins-MacBook-Pro.local" ignored="0" name="Customer Validation" tests="2" failures="0" timestamp="2022-02-17T21:58:26 CST" time="118.951" errors="0">
  <testcase name="valid_Login_Test" time="15.004" classname="com.silvercar.dealerwareandroid.testcases.TC001LoginTest"/>
  <testcase name="invalid_login_test" time="7.688" classname="com.silvercar.dealerwareandroid.testcases.TC001LoginTest"/>
</testsuite> <!-- Customer Validation -->
