<?xml version="1.0" encoding="UTF-8"?>
<!-- Generated by org.testng.reporters.JUnitXMLReporter -->
<testsuite hostname="Admins-MacBook-Pro.local" ignored="0" name="Customer Validation1" tests="2" failures="0" timestamp="2022-02-17T22:01:33 CST" time="182.034" errors="0">
  <testcase name="validateCustomerCreation" time="93.43" classname="com.silvercar.dealerwareandroid.testcases.TC002CustomerValidationTest"/>
  <testcase name="customerSearchFunctionality" time="53.459" classname="com.silvercar.dealerwareandroid.testcases.TC002CustomerValidationTest"/>
</testsuite> <!-- Customer Validation1 -->
