<?xml version="1.0" encoding="UTF-8"?>
<!-- Generated by org.testng.reporters.JUnitXMLReporter -->
<testsuite ignored="0" hostname="PITTALA-DEV-L" failures="0" tests="3" name="Default test" time="3.991" errors="0" timestamp="2022-06-07T20:58:35 IST">
  <testcase classname="dataDriverTest.TC008_DD_GET_Request_DataProvider" name="AddUsers" time="2.416"/>
  <testcase classname="dataDriverTest.TC008_DD_GET_Request_DataProvider" name="AddUsers" time="0.408"/>
  <testcase classname="dataDriverTest.TC008_DD_GET_Request_DataProvider" name="AddUsers" time="0.48"/>
</testsuite> <!-- Default test -->
