<?xml version="1.0" encoding="UTF-8"?>
<testng-results total="2" passed="2" failed="0" skipped="0">
  <reporter-output>
  </reporter-output>
  <suite started-at="2022-06-01T13:31:18Z" name="Suite" finished-at="2022-06-01T13:32:32Z" duration-ms="73599">
    <groups>
    </groups>
    <test started-at="2022-06-01T13:31:18Z" name="Test1" finished-at="2022-06-01T13:32:32Z" duration-ms="73599">
      <class name="testCases.Login_001">
        <test-method is-config="true" signature="setUp(java.lang.String)[pri:0, instance:testCases.Login_001@563e4951]" started-at="2022-06-01T19:01:18Z" name="setUp" finished-at="2022-06-01T19:01:22Z" duration-ms="3164" status="PASS">
          <params>
            <param index="0">
              <value>
                <![CDATA[chrome]]>
              </value>
            </param>
          </params>
          <reporter-output>
          </reporter-output>
        </test-method> <!-- setUp -->
        <test-method signature="LoginTest()[pri:0, instance:testCases.Login_001@563e4951]" started-at="2022-06-01T19:01:22Z" name="LoginTest" finished-at="2022-06-01T19:01:36Z" duration-ms="14844" status="PASS">
          <reporter-output>
          </reporter-output>
        </test-method> <!-- LoginTest -->
        <test-method is-config="true" signature="tearDown()[pri:0, instance:testCases.Login_001@563e4951]" started-at="2022-06-01T19:01:36Z" name="tearDown" finished-at="2022-06-01T19:01:37Z" duration-ms="859" status="PASS">
          <reporter-output>
          </reporter-output>
        </test-method> <!-- tearDown -->
      </class> <!-- testCases.Login_001 -->
      <class name="testCases.AddCustormer_002">
        <test-method is-config="true" signature="setUp(java.lang.String)[pri:0, instance:testCases.AddCustormer_002@4066c471]" started-at="2022-06-01T19:01:37Z" name="setUp" finished-at="2022-06-01T19:01:40Z" duration-ms="2826" status="PASS">
          <params>
            <param index="0">
              <value>
                <![CDATA[chrome]]>
              </value>
            </param>
          </params>
          <reporter-output>
          </reporter-output>
        </test-method> <!-- setUp -->
        <test-method signature="AddCustormer()[pri:0, instance:testCases.AddCustormer_002@4066c471]" started-at="2022-06-01T19:01:40Z" name="AddCustormer" finished-at="2022-06-01T19:02:19Z" duration-ms="39188" status="PASS">
          <reporter-output>
          </reporter-output>
        </test-method> <!-- AddCustormer -->
        <test-method is-config="true" signature="tearDown()[pri:0, instance:testCases.AddCustormer_002@4066c471]" started-at="2022-06-01T19:02:19Z" name="tearDown" finished-at="2022-06-01T19:02:32Z" duration-ms="12708" status="PASS">
          <reporter-output>
          </reporter-output>
        </test-method> <!-- tearDown -->
      </class> <!-- testCases.AddCustormer_002 -->
    </test> <!-- Test1 -->
  </suite> <!-- Suite -->
</testng-results>
