<?xml version="1.0" encoding="UTF-8"?>
<testsuite xmlns:xsi="http://www.w3.org/2001/XMLSchema-instance" xsi:noNamespaceSchemaLocation="https://maven.apache.org/surefire/maven-surefire-plugin/xsd/surefire-test-report-3.0.xsd" version="3.0" name="TestSuite" time="96.599" tests="2" errors="0" skipped="0" failures="0">
  <properties>
[...]
</properties>
  <testcase name="LoginTest" classname="testCases.Login_001" time="16.889">
    <system-out><![CDATA[cleared  webelement [[ChromeDriver: chrome on WINDOWS (a51c425168ea54c27646cd2a90109b14)] -> id: Email]
Enter admin@yourstore.com in webelement [[ChromeDriver: chrome on WINDOWS (a51c425168ea54c27646cd2a90109b14)] -> id: Email]
cleared  webelement [[ChromeDriver: chrome on WINDOWS (a51c425168ea54c27646cd2a90109b14)] -> id: Password]
Enter admin in webelement [[ChromeDriver: chrome on WINDOWS (a51c425168ea54c27646cd2a90109b14)] -> id: Password]
Clicked on webelement Proxy element for: DefaultElementLocator 'By.xpath: //button[.='Log in']'
Waited for webelement [[ChromeDriver: chrome on WINDOWS (a51c425168ea54c27646cd2a90109b14)] -> xpath: //p[.=' Dashboard']]
]]></system-out>
    <system-err><![CDATA[Starting ChromeDriver 102.0.5005.61 (0e59bcc00cc4985ce39ad31c150065f159d95ad3-refs/branch-heads/5005@{#819}) on port 48521
Only local connections are allowed.
Please see https://chromedriver.chromium.org/security-considerations for suggestions on keeping ChromeDriver safe.
ChromeDriver was started successfully.
Jun 03, 2022 9:47:44 PM org.openqa.selenium.remote.ProtocolHandshake createSession
INFO: Detected dialect: W3C
]]></system-err>
  </testcase>
  <testcase name="AddCustormer" classname="testCases.AddCustormer_002" time="35.568">
    <system-out><![CDATA[action click on webelement Proxy element for: DefaultElementLocator 'By.linkText: Logout'
cleared  webelement [[ChromeDriver: chrome on WINDOWS (94c2838bea57580bcb5206284f0ac215)] -> id: Email]
Enter admin@yourstore.com in webelement [[ChromeDriver: chrome on WINDOWS (94c2838bea57580bcb5206284f0ac215)] -> id: Email]
cleared  webelement [[ChromeDriver: chrome on WINDOWS (94c2838bea57580bcb5206284f0ac215)] -> id: Password]
Enter admin in webelement [[ChromeDriver: chrome on WINDOWS (94c2838bea57580bcb5206284f0ac215)] -> id: Password]
Clicked on webelement Proxy element for: DefaultElementLocator 'By.xpath: //button[.='Log in']'
Waited for webelement [[ChromeDriver: chrome on WINDOWS (94c2838bea57580bcb5206284f0ac215)] -> xpath: //p[.=' Dashboard']]
Clicked on webelement [[ChromeDriver: chrome on WINDOWS (94c2838bea57580bcb5206284f0ac215)] -> xpath: //p[text()=' Dashboard']/../../../li[4]/a]
Clicked on webelement [[ChromeDriver: chrome on WINDOWS (94c2838bea57580bcb5206284f0ac215)] -> xpath: //p[.=' Customers']]
Clicked on webelement [[ChromeDriver: chrome on WINDOWS (94c2838bea57580bcb5206284f0ac215)] -> xpath: //*[contains(@href,'Create')]]
Enter srikanth.p4991@gmail.com in webelement [[ChromeDriver: chrome on WINDOWS (94c2838bea57580bcb5206284f0ac215)] -> id: Email]
Enter password123 in webelement [[ChromeDriver: chrome on WINDOWS (94c2838bea57580bcb5206284f0ac215)] -> id: Password]
Enter Srikanth in webelement [[ChromeDriver: chrome on WINDOWS (94c2838bea57580bcb5206284f0ac215)] -> id: FirstName]
Enter pittala in webelement [[ChromeDriver: chrome on WINDOWS (94c2838bea57580bcb5206284f0ac215)] -> id: LastName]
Clicked on webelement [[ChromeDriver: chrome on WINDOWS (94c2838bea57580bcb5206284f0ac215)] -> id: Gender_Male]
Enter 2/19/1991 in webelement [[ChromeDriver: chrome on WINDOWS (94c2838bea57580bcb5206284f0ac215)] -> id: DateOfBirth]
Enter siddhi in webelement [[ChromeDriver: chrome on WINDOWS (94c2838bea57580bcb5206284f0ac215)] -> id: Company]
Enter comment_customer in webelement [[ChromeDriver: chrome on WINDOWS (94c2838bea57580bcb5206284f0ac215)] -> id: AdminComment]
Clicked on webelement [[ChromeDriver: chrome on WINDOWS (94c2838bea57580bcb5206284f0ac215)] -> name: save]
]]></system-out>
    <system-err><![CDATA[Starting ChromeDriver 102.0.5005.61 (0e59bcc00cc4985ce39ad31c150065f159d95ad3-refs/branch-heads/5005@{#819}) on port 44608
Only local connections are allowed.
Please see https://chromedriver.chromium.org/security-considerations for suggestions on keeping ChromeDriver safe.
ChromeDriver was started successfully.
Jun 03, 2022 9:48:26 PM org.openqa.selenium.remote.ProtocolHandshake createSession
INFO: Detected dialect: W3C
]]></system-err>
  </testcase>
</testsuite>