<?xml version="1.0" encoding="UTF-8"?>
<testng-results total="2" passed="2" failed="0" skipped="0">
  <reporter-output>
  </reporter-output>
  <suite started-at="2022-06-03T16:17:43Z" name="Suite" finished-at="2022-06-03T16:19:17Z" duration-ms="94642">
    <groups>
    </groups>
    <test started-at="2022-06-03T16:17:43Z" name="Test1" finished-at="2022-06-03T16:19:17Z" duration-ms="94642">
      <class name="testCases.Login_001">
        <test-method is-config="true" signature="setUp(java.lang.String)[pri:0, instance:testCases.Login_001@5be49b60]" started-at="2022-06-03T21:47:43Z" name="setUp" finished-at="2022-06-03T21:47:48Z" duration-ms="5628" status="PASS">
          <params>
            <param index="0">
              <value>
                <![CDATA[chrome]]>
              </value>
            </param>
          </params>
          <reporter-output>
          </reporter-output>
        </test-method> <!-- setUp -->
        <test-method signature="LoginTest()[pri:0, instance:testCases.Login_001@5be49b60]" started-at="2022-06-03T21:47:48Z" name="LoginTest" finished-at="2022-06-03T21:48:05Z" duration-ms="16883" status="PASS">
          <reporter-output>
          </reporter-output>
        </test-method> <!-- LoginTest -->
        <test-method is-config="true" signature="tearDown()[pri:0, instance:testCases.Login_001@5be49b60]" started-at="2022-06-03T21:48:05Z" name="tearDown" finished-at="2022-06-03T21:48:18Z" duration-ms="13033" status="PASS">
          <reporter-output>
          </reporter-output>
        </test-method> <!-- tearDown -->
      </class> <!-- testCases.Login_001 -->
      <class name="testCases.AddCustormer_002">
        <test-method is-config="true" signature="setUp(java.lang.String)[pri:0, instance:testCases.AddCustormer_002@2931522b]" started-at="2022-06-03T21:48:18Z" name="setUp" finished-at="2022-06-03T21:48:29Z" duration-ms="10709" status="PASS">
          <params>
            <param index="0">
              <value>
                <![CDATA[chrome]]>
              </value>
            </param>
          </params>
          <reporter-output>
          </reporter-output>
        </test-method> <!-- setUp -->
        <test-method signature="AddCustormer()[pri:0, instance:testCases.AddCustormer_002@2931522b]" started-at="2022-06-03T21:48:29Z" name="AddCustormer" finished-at="2022-06-03T21:49:04Z" duration-ms="35568" status="PASS">
          <reporter-output>
          </reporter-output>
        </test-method> <!-- AddCustormer -->
        <test-method is-config="true" signature="tearDown()[pri:0, instance:testCases.AddCustormer_002@2931522b]" started-at="2022-06-03T21:49:04Z" name="tearDown" finished-at="2022-06-03T21:49:17Z" duration-ms="12806" status="PASS">
          <reporter-output>
          </reporter-output>
        </test-method> <!-- tearDown -->
      </class> <!-- testCases.AddCustormer_002 -->
    </test> <!-- Test1 -->
  </suite> <!-- Suite -->
</testng-results>
